<?xml version="1.0" encoding="UTF-8"?>
<!-- Generated by org.testng.reporters.JUnitReportReporter -->
<testsuite hostname="Amits-MacBook-Pro.local" failures="0" tests="1" name="com.api.tests.LoginAPITestV2" time="0.849" errors="0" timestamp="2025-03-29T17:35:07 IST" skipped="0">
  <testcase classname="com.api.tests.LoginAPITestV2" name="loginTest" time="0.849"/>
</testsuite> <!-- com.api.tests.LoginAPITestV2 -->
